0 verbose cli C:\Program Files\nodejs\node.exe C:\Program Files\nodejs\node_modules\npm\bin\npm-cli.js
1 info using npm@11.8.0
2 info using node@v24.13.1
3 silly config load:file:C:\Program Files\nodejs\node_modules\npm\npmrc
4 silly config load:file:C:\python_practice\Webdev\frontend\.npmrc
5 silly config load:file:C:\Users\msrir\.npmrc
6 silly config load:file:C:\Users\msrir\AppData\Roaming\npm\etc\npmrc
7 verbose title npm uninstall jsrepo
8 verbose argv "uninstall" "--save-dev" "jsrepo" "--cache" "..\\.npm-cache"
9 verbose logfile logs-max:10 dir:C:\python_practice\Webdev\.npm-cache\_logs\2026-04-11T21_02_33_436Z-
10 verbose logfile C:\python_practice\Webdev\.npm-cache\_logs\2026-04-11T21_02_33_436Z-debug-0.log
11 silly logfile start cleaning logs, removing 1 files
12 silly packumentCache heap:4496293888 maxSize:1124073472 maxEntrySize:562036736
13 silly logfile done cleaning log files
14 silly idealTree buildDeps
15 silly reify mark retired [
15 silly reify   'C:\\python_practice\\Webdev\\frontend\\node_modules\\@oxc-parser\\binding-win32-x64-msvc'
15 silly reify ]
16 silly reify mark retired [
16 silly reify   'C:\\python_practice\\Webdev\\frontend\\node_modules\\@oxc-project\\types'
16 silly reify ]
17 silly reify mark retired [
17 silly reify   'C:\\python_practice\\Webdev\\frontend\\node_modules\\@quansync\\fs'
17 silly reify ]
18 silly reify mark retired [ 'C:\\python_practice\\Webdev\\frontend\\node_modules\\defu' ]
19 silly reify mark retired [
19 silly reify   'C:\\python_practice\\Webdev\\frontend\\node_modules\\jsrepo',
19 silly reify   'C:\\python_practice\\Webdev\\frontend\\node_modules\\.bin\\jsrepo',
19 silly reify   'C:\\python_practice\\Webdev\\frontend\\node_modules\\.bin\\jsrepo.cmd',
19 silly reify   'C:\\python_practice\\Webdev\\frontend\\node_modules\\.bin\\jsrepo.ps1'
19 silly reify ]
20 silly reify mark retired [ 'C:\\python_practice\\Webdev\\frontend\\node_modules\\oxc-parser' ]
21 silly reify mark retired [ 'C:\\python_practice\\Webdev\\frontend\\node_modules\\quansync' ]
22 silly reify mark retired [ 'C:\\python_practice\\Webdev\\frontend\\node_modules\\unconfig' ]
23 silly reify mark retired [
23 silly reify   'C:\\python_practice\\Webdev\\frontend\\node_modules\\unconfig-core'
23 silly reify ]
24 silly reify moves {
24 silly reify   'C:\\python_practice\\Webdev\\frontend\\node_modules\\@oxc-parser\\binding-win32-x64-msvc': 'C:\\python_practice\\Webdev\\frontend\\node_modules\\@oxc-parser\\.binding-win32-x64-msvc-DCYc8OVZ',
24 silly reify   'C:\\python_practice\\Webdev\\frontend\\node_modules\\@oxc-project\\types': 'C:\\python_practice\\Webdev\\frontend\\node_modules\\@oxc-project\\.types-V0wGyZJ0',
24 silly reify   'C:\\python_practice\\Webdev\\frontend\\node_modules\\@quansync\\fs': 'C:\\python_practice\\Webdev\\frontend\\node_modules\\@quansync\\.fs-AlrT3wX3',
24 silly reify   'C:\\python_practice\\Webdev\\frontend\\node_modules\\defu': 'C:\\python_practice\\Webdev\\frontend\\node_modules\\.defu-XXexid9r',
24 silly reify   'C:\\python_practice\\Webdev\\frontend\\node_modules\\jsrepo': 'C:\\python_practice\\Webdev\\frontend\\node_modules\\.jsrepo-jf1D7jj7',
24 silly reify   'C:\\python_practice\\Webdev\\frontend\\node_modules\\.bin\\jsrepo': 'C:\\python_practice\\Webdev\\frontend\\node_modules\\.bin\\.jsrepo-hMxwjNsA',
24 silly reify   'C:\\python_practice\\Webdev\\frontend\\node_modules\\.bin\\jsrepo.cmd': 'C:\\python_practice\\Webdev\\frontend\\node_modules\\.bin\\.jsrepo.cmd-nT4ZUoIP',
24 silly reify   'C:\\python_practice\\Webdev\\frontend\\node_modules\\.bin\\jsrepo.ps1': 'C:\\python_practice\\Webdev\\frontend\\node_modules\\.bin\\.jsrepo.ps1-h61zkUjp',
24 silly reify   'C:\\python_practice\\Webdev\\frontend\\node_modules\\oxc-parser': 'C:\\python_practice\\Webdev\\frontend\\node_modules\\.oxc-parser-8WPsA0sB',
24 silly reify   'C:\\python_practice\\Webdev\\frontend\\node_modules\\quansync': 'C:\\python_practice\\Webdev\\frontend\\node_modules\\.quansync-xXLZA4p9',
24 silly reify   'C:\\python_practice\\Webdev\\frontend\\node_modules\\unconfig': 'C:\\python_practice\\Webdev\\frontend\\node_modules\\.unconfig-EYQ0RlTU',
24 silly reify   'C:\\python_practice\\Webdev\\frontend\\node_modules\\unconfig-core': 'C:\\python_practice\\Webdev\\frontend\\node_modules\\.unconfig-core-sGQFplBx'
24 silly reify }
25 silly audit bulk request {
25 silly audit   '@alloc/quick-lru': [ '5.2.0' ],
25 silly audit   '@babel/code-frame': [ '7.29.0' ],
25 silly audit   '@babel/compat-data': [ '7.29.0' ],
25 silly audit   '@babel/core': [ '7.29.0' ],
25 silly audit   '@babel/generator': [ '7.29.1' ],
25 silly audit   '@babel/helper-compilation-targets': [ '7.28.6' ],
25 silly audit   '@babel/helper-globals': [ '7.28.0' ],
25 silly audit   '@babel/helper-module-imports': [ '7.28.6' ],
25 silly audit   '@babel/helper-module-transforms': [ '7.28.6' ],
25 silly audit   '@babel/helper-plugin-utils': [ '7.28.6' ],
25 silly audit   '@babel/helper-string-parser': [ '7.27.1' ],
25 silly audit   '@babel/helper-validator-identifier': [ '7.28.5' ],
25 silly audit   '@babel/helper-validator-option': [ '7.27.1' ],
25 silly audit   '@babel/helpers': [ '7.29.2' ],
25 silly audit   '@babel/parser': [ '7.29.2' ],
25 silly audit   '@babel/plugin-transform-react-jsx-self': [ '7.27.1' ],
25 silly audit   '@babel/plugin-transform-react-jsx-source': [ '7.27.1' ],
25 silly audit   '@babel/template': [ '7.28.6' ],
25 silly audit   '@babel/traverse': [ '7.29.0' ],
25 silly audit   '@babel/types': [ '7.29.0' ],
25 silly audit   '@esbuild/aix-ppc64': [ '0.21.5' ],
25 silly audit   '@esbuild/android-arm': [ '0.21.5' ],
25 silly audit   '@esbuild/android-arm64': [ '0.21.5' ],
25 silly audit   '@esbuild/android-x64': [ '0.21.5' ],
25 silly audit   '@esbuild/darwin-arm64': [ '0.21.5' ],
25 silly audit   '@esbuild/darwin-x64': [ '0.21.5' ],
25 silly audit   '@esbuild/freebsd-arm64': [ '0.21.5' ],
25 silly audit   '@esbuild/freebsd-x64': [ '0.21.5' ],
25 silly audit   '@esbuild/linux-arm': [ '0.21.5' ],
25 silly audit   '@esbuild/linux-arm64': [ '0.21.5' ],
25 silly audit   '@esbuild/linux-ia32': [ '0.21.5' ],
25 silly audit   '@esbuild/linux-loong64': [ '0.21.5' ],
25 silly audit   '@esbuild/linux-mips64el': [ '0.21.5' ],
25 silly audit   '@esbuild/linux-ppc64': [ '0.21.5' ],
25 silly audit   '@esbuild/linux-riscv64': [ '0.21.5' ],
25 silly audit   '@esbuild/linux-s390x': [ '0.21.5' ],
25 silly audit   '@esbuild/linux-x64': [ '0.21.5' ],
25 silly audit   '@esbuild/netbsd-x64': [ '0.21.5' ],
25 silly audit   '@esbuild/openbsd-x64': [ '0.21.5' ],
25 silly audit   '@esbuild/sunos-x64': [ '0.21.5' ],
25 silly audit   '@esbuild/win32-arm64': [ '0.21.5' ],
25 silly audit   '@esbuild/win32-ia32': [ '0.21.5' ],
25 silly audit   '@esbuild/win32-x64': [ '0.21.5' ],
25 silly audit   '@firebase/ai': [ '2.11.0' ],
25 silly audit   '@firebase/analytics': [ '0.10.21' ],
25 silly audit   '@firebase/analytics-compat': [ '0.2.27' ],
25 silly audit   '@firebase/analytics-types': [ '0.8.3' ],
25 silly audit   '@firebase/app': [ '0.14.11' ],
25 silly audit   '@firebase/app-check': [ '0.11.2' ],
25 silly audit   '@firebase/app-check-compat': [ '0.4.2' ],
25 silly audit   '@firebase/app-check-interop-types': [ '0.3.3' ],
25 silly audit   '@firebase/app-check-types': [ '0.5.3' ],
25 silly audit   '@firebase/app-compat': [ '0.5.11' ],
25 silly audit   '@firebase/app-types': [ '0.9.4' ],
25 silly audit   '@firebase/auth-compat': [ '0.6.5' ],
25 silly audit   '@firebase/auth': [ '1.13.0' ],
25 silly audit   '@firebase/auth-interop-types': [ '0.2.4' ],
25 silly audit   '@firebase/auth-types': [ '0.13.0' ],
25 silly audit   '@firebase/component': [ '0.7.2' ],
25 silly audit   '@firebase/data-connect': [ '0.6.0' ],
25 silly audit   '@firebase/database': [ '1.1.2' ],
25 silly audit   '@firebase/database-compat': [ '2.1.3' ],
25 silly audit   '@firebase/database-types': [ '1.0.19' ],
25 silly audit   '@firebase/firestore': [ '4.14.0' ],
25 silly audit   '@firebase/firestore-compat': [ '0.4.8' ],
25 silly audit   '@firebase/firestore-types': [ '3.0.3' ],
25 silly audit   '@firebase/functions': [ '0.13.3' ],
25 silly audit   '@firebase/functions-compat': [ '0.4.3' ],
25 silly audit   '@firebase/functions-types': [ '0.6.3' ],
25 silly audit   '@firebase/installations': [ '0.6.21' ],
25 silly audit   '@firebase/installations-compat': [ '0.2.21' ],
25 silly audit   '@firebase/installations-types': [ '0.5.3' ],
25 silly audit   '@firebase/logger': [ '0.5.0' ],
25 silly audit   '@firebase/messaging': [ '0.12.25' ],
25 silly audit   '@firebase/messaging-compat': [ '0.2.25' ],
25 silly audit   '@firebase/messaging-interop-types': [ '0.2.3' ],
25 silly audit   '@firebase/performance': [ '0.7.11' ],
25 silly audit   '@firebase/performance-compat': [ '0.2.24' ],
25 silly audit   '@firebase/performance-types': [ '0.2.3' ],
25 silly audit   '@firebase/remote-config': [ '0.8.2' ],
25 silly audit   '@firebase/remote-config-compat': [ '0.2.23' ],
25 silly audit   '@firebase/remote-config-types': [ '0.5.0' ],
25 silly audit   '@firebase/storage': [ '0.14.2' ],
25 silly audit   '@firebase/storage-compat': [ '0.4.2' ],
25 silly audit   '@firebase/storage-types': [ '0.8.3' ],
25 silly audit   '@firebase/util': [ '1.15.0' ],
25 silly audit   '@firebase/webchannel-wrapper': [ '1.0.5' ],
25 silly audit   '@grpc/grpc-js': [ '1.9.15' ],
25 silly audit   '@grpc/proto-loader': [ '0.7.15' ],
25 silly audit   '@jridgewell/gen-mapping': [ '0.3.13' ],
25 silly audit   '@jridgewell/remapping': [ '2.3.5' ],
25 silly audit   '@jridgewell/resolve-uri': [ '3.1.2' ],
25 silly audit   '@jridgewell/sourcemap-codec': [ '1.5.5' ],
25 silly audit   '@jridgewell/trace-mapping': [ '0.3.31' ],
25 silly audit   '@nodelib/fs.scandir': [ '2.1.5' ],
25 silly audit   '@nodelib/fs.stat': [ '2.0.5' ],
25 silly audit   '@nodelib/fs.walk': [ '1.2.8' ],
25 silly audit   '@protobufjs/aspromise': [ '1.1.2' ],
25 silly audit   '@protobufjs/base64': [ '1.1.2' ],
25 silly audit   '@protobufjs/codegen': [ '2.0.4' ],
25 silly audit   '@protobufjs/eventemitter': [ '1.1.0' ],
25 silly audit   '@protobufjs/fetch': [ '1.1.0' ],
25 silly audit   '@protobufjs/float': [ '1.0.2' ],
25 silly audit   '@protobufjs/inquire': [ '1.1.0' ],
25 silly audit   '@protobufjs/path': [ '1.1.2' ],
25 silly audit   '@protobufjs/pool': [ '1.1.0' ],
25 silly audit   '@protobufjs/utf8': [ '1.1.0' ],
25 silly audit   '@remix-run/router': [ '1.23.2' ],
25 silly audit   '@rolldown/pluginutils': [ '1.0.0-beta.27' ],
25 silly audit   '@rollup/rollup-android-arm-eabi': [ '4.60.1' ],
25 silly audit   '@rollup/rollup-android-arm64': [ '4.60.1' ],
25 silly audit   '@rollup/rollup-darwin-arm64': [ '4.60.1' ],
25 silly audit   '@rollup/rollup-darwin-x64': [ '4.60.1' ],
25 silly audit   '@rollup/rollup-freebsd-arm64': [ '4.60.1' ],
25 silly audit   '@rollup/rollup-freebsd-x64': [ '4.60.1' ],
25 silly audit   '@rollup/rollup-linux-arm-gnueabihf': [ '4.60.1' ],
25 silly audit   '@rollup/rollup-linux-arm-musleabihf': [ '4.60.1' ],
25 silly audit   '@rollup/rollup-linux-arm64-gnu': [ '4.60.1' ],
25 silly audit   '@rollup/rollup-linux-arm64-musl': [ '4.60.1' ],
25 silly audit   '@rollup/rollup-linux-loong64-gnu': [ '4.60.1' ],
25 silly audit   '@rollup/rollup-linux-loong64-musl': [ '4.60.1' ],
25 silly audit   '@rollup/rollup-linux-ppc64-gnu': [ '4.60.1' ],
25 silly audit   '@rollup/rollup-linux-ppc64-musl': [ '4.60.1' ],
25 silly audit   '@rollup/rollup-linux-riscv64-gnu': [ '4.60.1' ],
25 silly audit   '@rollup/rollup-linux-riscv64-musl': [ '4.60.1' ],
25 silly audit   '@rollup/rollup-linux-s390x-gnu': [ '4.60.1' ],
25 silly audit   '@rollup/rollup-linux-x64-gnu': [ '4.60.1' ],
25 silly audit   '@rollup/rollup-linux-x64-musl': [ '4.60.1' ],
25 silly audit   '@rollup/rollup-openbsd-x64': [ '4.60.1' ],
25 silly audit   '@rollup/rollup-openharmony-arm64': [ '4.60.1' ],
25 silly audit   '@rollup/rollup-win32-arm64-msvc': [ '4.60.1' ],
25 silly audit   '@rollup/rollup-win32-ia32-msvc': [ '4.60.1' ],
25 silly audit   '@rollup/rollup-win32-x64-gnu': [ '4.60.1' ],
25 silly audit   '@rollup/rollup-win32-x64-msvc': [ '4.60.1' ],
25 silly audit   '@tensorflow/tfjs-core': [ '1.7.0' ],
25 silly audit   '@types/babel__core': [ '7.20.5' ],
25 silly audit   '@types/babel__generator': [ '7.27.0' ],
25 silly audit   '@types/babel__template': [ '7.4.4' ],
25 silly audit   '@types/babel__traverse': [ '7.28.0' ],
25 silly audit   '@types/estree': [ '1.0.8' ],
25 silly audit   '@types/node': [ '22.19.17' ],
25 silly audit   '@types/offscreencanvas': [ '2019.3.0' ],
25 silly audit   '@types/prop-types': [ '15.7.15' ],
25 silly audit   '@types/react': [ '18.3.28' ],
25 silly audit   '@types/react-dom': [ '18.3.7' ],
25 silly audit   '@types/seedrandom': [ '2.4.27' ],
25 silly audit   '@types/webgl-ext': [ '0.0.30' ],
25 silly audit   '@types/webgl2': [ '0.0.4' ],
25 silly audit   '@vitejs/plugin-react': [ '4.7.0' ],
25 silly audit   'ansi-regex': [ '5.0.1' ],
25 silly audit   'ansi-styles': [ '4.3.0' ],
25 silly audit   'any-promise': [ '1.3.0' ],
25 silly audit   anymatch: [ '3.1.3' ],
25 silly audit   arg: [ '5.0.2' ],
25 silly audit   autoprefixer: [ '10.4.27' ],
25 silly audit   'baseline-browser-mapping': [ '2.10.17' ],
25 silly audit   'binary-extensions': [ '2.3.0' ],
25 silly audit   braces: [ '3.0.3' ],
25 silly audit   browserslist: [ '4.28.2' ],
25 silly audit   'camelcase-css': [ '2.0.1' ],
25 silly audit   'caniuse-lite': [ '1.0.30001787' ],
25 silly audit   chokidar: [ '3.6.0' ],
25 silly audit   'glob-parent': [ '5.1.2', '6.0.2' ],
25 silly audit   cliui: [ '8.0.1' ],
25 silly audit   'color-convert': [ '2.0.1' ],
25 silly audit   'color-name': [ '1.1.4' ],
25 silly audit   commander: [ '4.1.1' ],
25 silly audit   'convert-source-map': [ '2.0.0' ],
25 silly audit   cssesc: [ '3.0.0' ],
25 silly audit   csstype: [ '3.2.3' ],
25 silly audit   debug: [ '4.4.3' ],
25 silly audit   didyoumean: [ '1.2.2' ],
25 silly audit   dlv: [ '1.1.3' ],
25 silly audit   'electron-to-chromium': [ '1.5.334' ],
25 silly audit   'emoji-regex': [ '8.0.0' ],
25 silly audit   esbuild: [ '0.21.5' ],
25 silly audit   escalade: [ '3.2.0' ],
25 silly audit   'face-api.js': [ '0.22.2' ],
25 silly audit   tslib: [ '1.14.1', '2.8.1' ],
25 silly audit   'fast-glob': [ '3.3.3' ],
25 silly audit   fastq: [ '1.20.1' ],
25 silly audit   'faye-websocket': [ '0.11.4' ],
25 silly audit   'fill-range': [ '7.1.1' ],
25 silly audit   firebase: [ '12.12.0' ],
25 silly audit   'fraction.js': [ '5.3.4' ],
25 silly audit   'framer-motion': [ '12.38.0' ],
25 silly audit   fsevents: [ '2.3.3' ],
25 silly audit   'function-bind': [ '1.1.2' ],
25 silly audit   gensync: [ '1.0.0-beta.2' ],
25 silly audit   'get-caller-file': [ '2.0.5' ],
25 silly audit   gsap: [ '3.14.2' ],
25 silly audit   hasown: [ '2.0.2' ],
25 silly audit   'http-parser-js': [ '0.5.10' ],
25 silly audit   idb: [ '7.1.1' ],
25 silly audit   'is-binary-path': [ '2.1.0' ],
25 silly audit   'is-core-module': [ '2.16.1' ],
25 silly audit   'is-extglob': [ '2.1.1' ],
25 silly audit   'is-fullwidth-code-point': [ '3.0.0' ],
25 silly audit   'is-glob': [ '4.0.3' ],
25 silly audit   'is-number': [ '7.0.0' ],
25 silly audit   jiti: [ '1.21.7' ],
25 silly audit   'js-tokens': [ '4.0.0' ],
25 silly audit   jsesc: [ '3.1.0' ],
25 silly audit   json5: [ '2.2.3' ],
25 silly audit   lilconfig: [ '3.1.3' ],
25 silly audit   'lines-and-columns': [ '1.2.4' ],
25 silly audit   'lodash.camelcase': [ '4.3.0' ],
25 silly audit   long: [ '5.3.2' ],
25 silly audit   'loose-envify': [ '1.4.0' ],
25 silly audit   'lru-cache': [ '5.1.1' ],
25 silly audit   'lucide-react': [ '0.513.0' ],
25 silly audit   merge2: [ '1.4.1' ],
25 silly audit   micromatch: [ '4.0.8' ],
25 silly audit   'motion-dom': [ '12.38.0' ],
25 silly audit   'motion-utils': [ '12.36.0' ],
25 silly audit   ms: [ '2.1.3' ],
25 silly audit   mz: [ '2.7.0' ],
25 silly audit   nanoid: [ '3.3.11' ],
25 silly audit   'node-fetch': [ '2.1.2' ],
25 silly audit   'node-releases': [ '2.0.37' ],
25 silly audit   'normalize-path': [ '3.0.0' ],
25 silly audit   'object-assign': [ '4.1.1' ],
25 silly audit   'object-hash': [ '3.0.0' ],
25 silly audit   ogl: [ '1.0.11' ],
25 silly audit   'path-parse': [ '1.0.7' ],
25 silly audit   picocolors: [ '1.1.1' ],
25 silly audit   picomatch: [ '2.3.2', '4.0.4' ],
25 silly audit   pify: [ '2.3.0' ],
25 silly audit   pirates: [ '4.0.7' ],
25 silly audit   postcss: [ '8.5.9' ],
25 silly audit   'postcss-import': [ '15.1.0' ],
25 silly audit   'postcss-js': [ '4.1.0' ],
25 silly audit   'postcss-load-config': [ '6.0.1' ],
25 silly audit   'postcss-nested': [ '6.2.0' ],
25 silly audit   'postcss-selector-parser': [ '6.1.2' ],
25 silly audit   'postcss-value-parser': [ '4.2.0' ],
25 silly audit   postprocessing: [ '6.39.0' ],
25 silly audit   protobufjs: [ '7.5.4' ],
25 silly audit   'queue-microtask': [ '1.2.3' ],
25 silly audit   react: [ '18.3.1' ],
25 silly audit   'react-dom': [ '18.3.1' ],
25 silly audit   'react-refresh': [ '0.17.0' ],
25 silly audit   'react-router': [ '6.30.3' ],
25 silly audit   'react-router-dom': [ '6.30.3' ],
25 silly audit   'read-cache': [ '1.0.0' ],
25 silly audit   readdirp: [ '3.6.0' ],
25 silly audit   'require-directory': [ '2.1.1' ],
25 silly audit   resolve: [ '1.22.11' ],
25 silly audit   reusify: [ '1.1.0' ],
25 silly audit   rollup: [ '4.60.1' ],
25 silly audit   'run-parallel': [ '1.2.0' ],
25 silly audit   'safe-buffer': [ '5.2.1' ],
25 silly audit   scheduler: [ '0.23.2' ],
25 silly audit   seedrandom: [ '2.4.3' ],
25 silly audit   semver: [ '6.3.1' ],
25 silly audit   'source-map-js': [ '1.2.1' ],
25 silly audit   'string-width': [ '4.2.3' ],
25 silly audit   'strip-ansi': [ '6.0.1' ],
25 silly audit   sucrase: [ '3.35.1' ],
25 silly audit   'supports-preserve-symlinks-flag': [ '1.0.0' ],
25 silly audit   tailwindcss: [ '3.4.19' ],
25 silly audit   thenify: [ '3.3.1' ],
25 silly audit   'thenify-all': [ '1.6.0' ],
25 silly audit   three: [ '0.168.0' ],
25 silly audit   tinyglobby: [ '0.2.16' ],
25 silly audit   fdir: [ '6.5.0' ],
25 silly audit   'to-regex-range': [ '5.0.1' ],
25 silly audit   'ts-interface-checker': [ '0.1.13' ],
25 silly audit   typescript: [ '5.9.3' ],
25 silly audit   'undici-types': [ '6.21.0' ],
25 silly audit   'update-browserslist-db': [ '1.2.3' ],
25 silly audit   'util-deprecate': [ '1.0.2' ],
25 silly audit   vite: [ '5.4.21' ],
25 silly audit   'web-vitals': [ '4.2.4' ],
25 silly audit   'websocket-driver': [ '0.7.4' ],
25 silly audit   'websocket-extensions': [ '0.1.4' ],
25 silly audit   'wrap-ansi': [ '7.0.0' ],
25 silly audit   y18n: [ '5.0.8' ],
25 silly audit   yallist: [ '3.1.1' ],
25 silly audit   yargs: [ '17.7.2' ],
25 silly audit   'yargs-parser': [ '21.1.1' ]
25 silly audit }
26 http fetch POST 200 https://registry.npmjs.org/-/npm/v1/security/advisories/bulk 642ms
27 silly audit report {
27 silly audit report   esbuild: [
27 silly audit report     {
27 silly audit report       id: 1102341,
27 silly audit report       url: 'https://github.com/advisories/GHSA-67mh-4wv8-2f99',
27 silly audit report       title: 'esbuild enables any website to send any requests to the development server and read the response',
27 silly audit report       severity: 'moderate',
27 silly audit report       vulnerable_versions: '<=0.24.2',
27 silly audit report       cwe: [Array],
27 silly audit report       cvss: [Object]
27 silly audit report     }
27 silly audit report   ],
27 silly audit report   'node-fetch': [
27 silly audit report     {
27 silly audit report       id: 1098225,
27 silly audit report       url: 'https://github.com/advisories/GHSA-w7rc-rwvf-8q5r',
27 silly audit report       title: "The `size` option isn't honored after following a redirect in node-fetch",
27 silly audit report       severity: 'low',
27 silly audit report       vulnerable_versions: '>=2.0.0 <2.6.1',
27 silly audit report       cwe: [Array],
27 silly audit report       cvss: [Object]
27 silly audit report     },
27 silly audit report     {
27 silly audit report       id: 1095073,
27 silly audit report       url: 'https://github.com/advisories/GHSA-r683-j2x4-v87g',
27 silly audit report       title: 'node-fetch forwards secure headers to untrusted sites',
27 silly audit report       severity: 'high',
27 silly audit report       vulnerable_versions: '<2.6.7',
27 silly audit report       cwe: [Array],
27 silly audit report       cvss: [Object]
27 silly audit report     }
27 silly audit report   ],
27 silly audit report   vite: [
27 silly audit report     {
27 silly audit report       id: 1116229,
27 silly audit report       url: 'https://github.com/advisories/GHSA-4w7w-66w2-5vf9',
27 silly audit report       title: 'Vite Vulnerable to Path Traversal in Optimized Deps `.map` Handling',
27 silly audit report       severity: 'moderate',
27 silly audit report       vulnerable_versions: '<=6.4.1',
27 silly audit report       cwe: [Array],
27 silly audit report       cvss: [Object]
27 silly audit report     }
27 silly audit report   ]
27 silly audit report }
28 silly packumentCache corgi:https://registry.npmjs.org/esbuild cache-miss
29 silly packumentCache corgi:https://registry.npmjs.org/node-fetch cache-miss
30 silly packumentCache corgi:https://registry.npmjs.org/vite cache-miss
31 http fetch GET 200 https://registry.npmjs.org/node-fetch 246ms (cache revalidated)
32 silly packumentCache corgi:https://registry.npmjs.org/node-fetch set size:137975 disposed:false
33 http fetch GET 200 https://registry.npmjs.org/vite 274ms (cache revalidated)
34 silly packumentCache corgi:https://registry.npmjs.org/vite set size:2229030 disposed:false
35 http fetch GET 200 https://registry.npmjs.org/esbuild 373ms (cache revalidated)
36 silly packumentCache corgi:https://registry.npmjs.org/esbuild set size:885757 disposed:false
37 silly packumentCache corgi:https://registry.npmjs.org/@tensorflow%2ftfjs-core cache-miss
38 http fetch GET 200 https://registry.npmjs.org/@tensorflow%2ftfjs-core 1785ms (cache revalidated)
39 silly packumentCache corgi:https://registry.npmjs.org/@tensorflow%2ftfjs-core set size:379333 disposed:false
40 silly packumentCache corgi:https://registry.npmjs.org/@vitejs%2fplugin-react cache-miss
41 http fetch GET 200 https://registry.npmjs.org/@vitejs%2fplugin-react 378ms (cache revalidated)
42 silly packumentCache corgi:https://registry.npmjs.org/@vitejs%2fplugin-react set size:112470 disposed:false
43 silly packumentCache corgi:https://registry.npmjs.org/face-api.js cache-miss
44 http fetch GET 200 https://registry.npmjs.org/face-api.js 1008ms (cache revalidated)
45 silly packumentCache corgi:https://registry.npmjs.org/face-api.js set size:73520 disposed:false
46 silly REMOVE node_modules/unconfig-core
47 silly REMOVE node_modules/unconfig
48 silly REMOVE node_modules/unconfig/node_modules/jiti
49 silly REMOVE node_modules/quansync
50 silly REMOVE node_modules/oxc-parser
51 silly REMOVE node_modules/jsrepo
52 silly REMOVE node_modules/jsrepo/node_modules/commander
53 silly REMOVE node_modules/defu
54 silly REMOVE node_modules/@quansync/fs
55 silly REMOVE node_modules/@oxc-project/types
56 silly REMOVE node_modules/@oxc-parser/binding-win32-x64-msvc
57 verbose cwd C:\python_practice\Webdev\frontend
58 verbose os Windows_NT 10.0.26200
59 verbose node v24.13.1
60 verbose npm  v11.8.0
61 verbose exit 0
62 info ok
