0 verbose cli C:\Program Files\nodejs\node.exe C:\Program Files\nodejs\node_modules\npm\bin\npm-cli.js
1 info using npm@11.8.0
2 info using node@v24.13.1
3 silly config load:file:C:\Program Files\nodejs\node_modules\npm\npmrc
4 silly config load:file:C:\python_practice\Webdev\frontend\.npmrc
5 silly config load:file:C:\Users\msrir\.npmrc
6 silly config load:file:C:\Users\msrir\AppData\Roaming\npm\etc\npmrc
7 verbose title npm exec jsrepo@latest add --help
8 verbose argv "exec" "--cache" "..\\.npm-cache" "jsrepo@latest" "--" "add" "--help"
9 verbose logfile logs-max:10 dir:C:\python_practice\Webdev\.npm-cache\_logs\2026-04-11T20_42_23_608Z-
10 verbose logfile C:\python_practice\Webdev\.npm-cache\_logs\2026-04-11T20_42_23_608Z-debug-0.log
11 silly logfile done cleaning log files
12 silly packumentCache heap:4496293888 maxSize:1124073472 maxEntrySize:562036736
13 http fetch GET 200 https://registry.npmjs.org/jsrepo 231ms (cache revalidated)
14 silly packumentCache heap:4496293888 maxSize:1124073472 maxEntrySize:562036736
15 silly packumentCache heap:4496293888 maxSize:1124073472 maxEntrySize:562036736
16 verbose cwd C:\python_practice\Webdev\frontend
17 verbose os Windows_NT 10.0.26200
18 verbose node v24.13.1
19 verbose npm  v11.8.0
20 verbose exit 0
21 info ok
