0 verbose cli C:\Program Files\nodejs\node.exe C:\Program Files\nodejs\node_modules\npm\bin\npm-cli.js
1 info using npm@11.8.0
2 info using node@v24.13.1
3 silly config load:file:C:\Program Files\nodejs\node_modules\npm\npmrc
4 silly config load:file:C:\python_practice\Webdev\frontend\.npmrc
5 silly config load:file:C:\Users\msrir\.npmrc
6 silly config load:file:C:\python_practice\Webdev\frontend\.jsrepo-config\npm\etc\npmrc
7 verbose title npm exec jsrepo@latest add --yes GlassIcons-TS-TW
8 verbose argv "exec" "--cache" "..\\.npm-cache" "jsrepo@latest" "--" "add" "--yes" "GlassIcons-TS-TW"
9 verbose logfile logs-max:10 dir:C:\python_practice\Webdev\.npm-cache\_logs\2026-04-11T20_44_17_191Z-
10 verbose logfile C:\python_practice\Webdev\.npm-cache\_logs\2026-04-11T20_44_17_191Z-debug-0.log
11 silly logfile start cleaning logs, removing 1 files
12 silly logfile done cleaning log files
13 silly packumentCache heap:4496293888 maxSize:1124073472 maxEntrySize:562036736
14 http fetch GET 200 https://registry.npmjs.org/jsrepo 253ms (cache revalidated)
15 verbose cwd C:\python_practice\Webdev\frontend
16 verbose os Windows_NT 10.0.26200
17 verbose node v24.13.1
18 verbose npm  v11.8.0
19 verbose exit 0
20 info ok
