0 verbose cli C:\Program Files\nodejs\node.exe C:\Program Files\nodejs\node_modules\npm\bin\npm-cli.js
1 info using npm@11.8.0
2 info using node@v24.13.1
3 silly config load:file:C:\Program Files\nodejs\node_modules\npm\npmrc
4 silly config load:file:C:\python_practice\Webdev\frontend\.npmrc
5 silly config load:file:C:\Users\msrir\.npmrc
6 silly config load:file:C:\python_practice\Webdev\frontend\.jsrepo-config\npm\etc\npmrc
7 verbose title npm exec jsrepo@latest add --yes https://reactbits.dev/r/PixelBlast-TS-TW
8 verbose argv "exec" "--cache" "..\\.npm-cache" "jsrepo@latest" "--" "add" "--yes" "https://reactbits.dev/r/PixelBlast-TS-TW"
9 verbose logfile logs-max:10 dir:C:\python_practice\Webdev\.npm-cache\_logs\2026-04-11T20_42_39_906Z-
10 verbose logfile C:\python_practice\Webdev\.npm-cache\_logs\2026-04-11T20_42_39_906Z-debug-0.log
11 silly logfile done cleaning log files
12 silly packumentCache heap:4496293888 maxSize:1124073472 maxEntrySize:562036736
13 http fetch GET 200 https://registry.npmjs.org/jsrepo 262ms (cache revalidated)
14 silly packumentCache heap:4496293888 maxSize:1124073472 maxEntrySize:562036736
15 verbose Could not read global path C:\python_practice\Webdev\frontend\.jsrepo-config\npm, ignoring
16 silly packumentCache heap:4496293888 maxSize:1124073472 maxEntrySize:562036736
17 verbose cwd C:\python_practice\Webdev\frontend
18 verbose os Windows_NT 10.0.26200
19 verbose node v24.13.1
20 verbose npm  v11.8.0
21 verbose exit 1
22 verbose code 1
